{"meta": {"format": 3, "version": "7.10.7", "timestamp": "2025-09-30T11:44:04.459306", "branch_coverage": false, "show_contexts": false}, "files": {"src/awsquery/__init__.py": {"executed_lines": [1, 3, 4, 6, 7], "summary": {"covered_lines": 4, "num_statements": 4, "percent_covered": 100.0, "percent_covered_display": "100.00", "missing_lines": 0, "excluded_lines": 0}, "missing_lines": [], "excluded_lines": [], "functions": {"": {"executed_lines": [1, 3, 4, 6, 7], "summary": {"covered_lines": 4, "num_statements": 4, "percent_covered": 100.0, "percent_covered_display": "100.00", "missing_lines": 0, "excluded_lines": 0}, "missing_lines": [], "excluded_lines": []}}, "classes": {"": {"executed_lines": [1, 3, 4, 6, 7], "summary": {"covered_lines": 4, "num_statements": 4, "percent_covered": 100.0, "percent_covered_display": "100.00", "missing_lines": 0, "excluded_lines": 0}, "missing_lines": [], "excluded_lines": []}}}, "src/awsquery/cli.py": {"executed_lines": [1, 5, 6, 7, 8, 9, 11, 12, 14, 15, 23, 24, 31, 37, 40, 43, 51, 52, 54, 57, 58, 60, 61, 62, 64, 65, 68, 70, 73, 75, 79, 81, 84, 86, 87, 90, 91, 92, 93, 94, 95, 96, 97, 98, 101, 103, 105, 108, 111, 113, 116, 118, 119, 123, 124, 126, 127, 130, 131, 132, 134, 138, 140, 142, 143, 144, 145, 147, 150, 151, 152, 155, 156, 157, 159, 161, 162, 164, 167, 169, 172, 175, 176, 177, 178, 181, 182, 185, 188, 201, 202, 204, 205, 208, 210, 211, 212, 214, 216, 217, 218, 222, 223, 226, 228, 229, 230, 231, 232, 233, 234, 235, 236, 238, 239, 240, 241, 242, 244, 245, 246, 249, 251, 252, 253, 254, 255, 256, 257, 258, 260, 261, 262, 263, 264, 267, 269, 272, 275, 276, 277, 279, 282, 283, 285, 287, 289, 292, 294, 295, 296, 297, 298, 299, 300, 303, 305, 306, 307, 308, 309, 310, 311, 312, 313, 314, 315, 316, 318, 319, 320, 323, 325, 326, 327, 328, 329, 330, 331, 332, 333, 338, 339, 340, 343, 345, 346, 347, 348, 349, 351, 352, 353, 354, 357, 362, 363, 364, 367, 369, 370, 371, 374, 376, 377, 378, 379, 382, 384, 387, 390, 392, 395, 396, 399, 412, 413, 416, 417, 418, 419, 420, 422, 423, 424, 426, 428, 431, 432, 433, 434, 437, 438, 440, 441, 444, 446, 450, 451, 452, 453, 456, 457, 458, 459, 461, 462, 465, 468, 469, 471, 472, 475, 481, 483, 484, 486, 487, 490, 491, 495, 496, 498, 501, 502, 505, 506, 507, 509, 512, 514, 515, 517, 519, 522, 525, 526, 527, 530, 531, 534, 535, 538, 539, 542, 545, 546, 547, 548, 549, 552, 555, 556, 558, 559, 561, 564, 565, 567, 569, 570, 571, 573, 575, 607, 613, 619, 622, 625, 628, 634, 639, 644, 647, 652, 654, 656, 671, 729, 730, 762, 768, 774, 777, 778, 779, 785, 790, 796, 799, 801, 804, 806, 809, 813, 817, 818, 822, 823, 824, 827, 828, 829, 830, 831, 833, 835, 836, 837, 838, 839, 842, 847, 848, 849, 851, 852, 855, 856, 860, 863, 864, 865, 866, 869, 872, 875, 877, 881, 883, 887, 888, 889, 890, 892, 893, 894, 895, 896, 899, 900, 901, 902, 903, 904, 909, 912, 913, 914, 915, 917, 919, 922, 924, 926, 928, 931, 932, 933, 934, 935, 938, 967, 971, 974, 980, 981, 983, 986, 987, 992, 994, 995, 997, 999, 1004, 1005, 1008, 1011, 1022, 1023, 1024, 1029, 1030, 1032, 1033, 1036, 1040, 1044, 1048, 1058, 1062, 1063, 1064, 1066, 1069, 1071, 1072, 1073, 1076, 1077, 1079, 1080, 1083, 1086, 1089, 1100, 1101, 1103, 1105, 1106, 1107, 1109, 1115, 1116, 1118, 1119, 1126], "summary": {"covered_lines": 455, "num_statements": 555, "percent_covered": 81.98198198198199, "percent_covered_display": "81.98", "missing_lines": 100, "excluded_lines": 2}, "missing_lines": [76, 120, 128, 135, 146, 170, 259, 334, 335, 336, 355, 356, 358, 359, 360, 361, 393, 435, 447, 473, 477, 478, 658, 659, 661, 662, 664, 666, 667, 669, 673, 674, 677, 678, 681, 682, 683, 686, 687, 688, 689, 690, 691, 692, 693, 694, 695, 696, 697, 698, 699, 700, 701, 702, 705, 706, 707, 708, 709, 711, 712, 715, 716, 717, 718, 719, 722, 723, 725, 726, 832, 834, 840, 841, 843, 905, 906, 907, 940, 942, 943, 944, 950, 954, 956, 957, 958, 961, 962, 963, 1025, 1026, 1027, 1110, 1111, 1112, 1113, 1121, 1122, 1123], "excluded_lines": [1126, 1127], "functions": {"parse_parameter_string": {"executed_lines": [51, 52, 54, 57, 58, 60, 61, 62, 64, 65, 68, 70], "summary": {"covered_lines": 12, "num_statements": 12, "percent_covered": 100.0, "percent_covered_display": "100.00", "missing_lines": 0, "excluded_lines": 0}, "missing_lines": [], "excluded_lines": []}, "_parse_parameter_value": {"executed_lines": [75, 79, 81, 84, 86, 87, 90, 91, 92, 93, 94, 95, 96, 97, 98, 101, 103, 105, 108], "summary": {"covered_lines": 19, "num_statements": 20, "percent_covered": 95.0, "percent_covered_display": "95.00", "missing_lines": 1, "excluded_lines": 0}, "missing_lines": [76], "excluded_lines": []}, "_parse_list_of_dicts": {"executed_lines": [113, 116, 118, 119, 123, 124, 126, 127, 130, 131, 132, 134, 138, 140, 142, 143, 144, 145, 147, 150, 151, 152, 155, 156, 157, 159, 161, 162, 164], "summary": {"covered_lines": 29, "num_statements": 33, "percent_covered": 87.87878787878788, "percent_covered_display": "87.88", "missing_lines": 4, "excluded_lines": 0}, "missing_lines": [120, 128, 135, 146], "excluded_lines": []}, "_convert_type": {"executed_lines": [169, 172, 175, 176, 177, 178, 181, 182, 185], "summary": {"covered_lines": 9, "num_statements": 10, "percent_covered": 90.0, "percent_covered_display": "90.00", "missing_lines": 1, "excluded_lines": 0}, "missing_lines": [170], "excluded_lines": []}, "get_parameter_type": {"executed_lines": [201, 202, 204, 205, 208, 210, 211, 212, 214, 216, 217, 218], "summary": {"covered_lines": 12, "num_statements": 12, "percent_covered": 100.0, "percent_covered_display": "100.00", "missing_lines": 0, "excluded_lines": 0}, "missing_lines": [], "excluded_lines": []}, "_extract_flags_from_args": {"executed_lines": [228, 229, 230, 231, 232, 233, 234, 235, 236, 238, 239, 240, 241, 242, 244, 245, 246], "summary": {"covered_lines": 17, "num_statements": 17, "percent_covered": 100.0, "percent_covered_display": "100.00", "missing_lines": 0, "excluded_lines": 0}, "missing_lines": [], "excluded_lines": []}, "_preserve_parsed_flags": {"executed_lines": [251, 252, 253, 254, 255, 256, 257, 258, 260, 261, 262, 263, 264], "summary": {"covered_lines": 13, "num_statements": 14, "percent_covered": 92.85714285714286, "percent_covered_display": "92.86", "missing_lines": 1, "excluded_lines": 0}, "missing_lines": [259], "excluded_lines": []}, "service_completer": {"executed_lines": [269, 272, 275, 276, 277, 279, 282, 283, 285, 287, 289], "summary": {"covered_lines": 11, "num_statements": 11, "percent_covered": 100.0, "percent_covered_display": "100.00", "missing_lines": 0, "excluded_lines": 0}, "missing_lines": [], "excluded_lines": []}, "_extract_flag_and_value": {"executed_lines": [294, 295, 296, 297, 298, 299, 300], "summary": {"covered_lines": 7, "num_statements": 7, "percent_covered": 100.0, "percent_covered_display": "100.00", "missing_lines": 0, "excluded_lines": 0}, "missing_lines": [], "excluded_lines": []}, "_process_remaining_args_after_separator": {"executed_lines": [305, 306, 307, 308, 309, 310, 311, 312, 313, 314, 315, 316, 318, 319, 320], "summary": {"covered_lines": 15, "num_statements": 15, "percent_covered": 100.0, "percent_covered_display": "100.00", "missing_lines": 0, "excluded_lines": 0}, "missing_lines": [], "excluded_lines": []}, "_process_remaining_args": {"executed_lines": [325, 326, 327, 328, 329, 330, 331, 332, 333, 338, 339, 340], "summary": {"covered_lines": 12, "num_statements": 15, "percent_covered": 80.0, "percent_covered_display": "80.00", "missing_lines": 3, "excluded_lines": 0}, "missing_lines": [334, 335, 336], "excluded_lines": []}, "_build_filter_argv": {"executed_lines": [345, 346, 347, 348, 349, 351, 352, 353, 354, 357, 362, 363, 364], "summary": {"covered_lines": 13, "num_statements": 19, "percent_covered": 68.42105263157895, "percent_covered_display": "68.42", "missing_lines": 6, "excluded_lines": 0}, "missing_lines": [355, 356, 358, 359, 360, 361], "excluded_lines": []}, "determine_column_filters": {"executed_lines": [369, 370, 371, 374, 376, 377, 378, 379, 382, 384, 387], "summary": {"covered_lines": 11, "num_statements": 11, "percent_covered": 100.0, "percent_covered_display": "100.00", "missing_lines": 0, "excluded_lines": 0}, "missing_lines": [], "excluded_lines": []}, "_has_prefix_matches": {"executed_lines": [392, 395, 396], "summary": {"covered_lines": 3, "num_statements": 4, "percent_covered": 75.0, "percent_covered_display": "75.00", "missing_lines": 1, "excluded_lines": 0}, "missing_lines": [393], "excluded_lines": []}, "find_hint_function": {"executed_lines": [412, 413, 416, 417, 418, 419, 420, 422, 423, 424, 426, 428, 431, 432, 433, 434, 437, 438, 440, 441, 444, 446, 450, 451, 452, 453, 456, 457, 458, 459, 461, 462, 465, 468, 469, 471, 472, 475], "summary": {"covered_lines": 38, "num_statements": 43, "percent_covered": 88.37209302325581, "percent_covered_display": "88.37", "missing_lines": 5, "excluded_lines": 0}, "missing_lines": [435, 447, 473, 477, 478], "excluded_lines": []}, "_enhanced_completion_validator": {"executed_lines": [483, 484, 486, 487, 490, 491, 495, 496, 498, 501, 502, 505, 506, 507, 509], "summary": {"covered_lines": 15, "num_statements": 15, "percent_covered": 100.0, "percent_covered_display": "100.00", "missing_lines": 0, "excluded_lines": 0}, "missing_lines": [], "excluded_lines": []}, "action_completer": {"executed_lines": [514, 515, 517, 519, 522, 525, 526, 527, 530, 531, 534, 535, 538, 539, 542, 545, 546, 547, 548, 549, 552, 555, 556, 558, 559, 561], "summary": {"covered_lines": 26, "num_statements": 26, "percent_covered": 100.0, "percent_covered_display": "100.00", "missing_lines": 0, "excluded_lines": 0}, "missing_lines": [], "excluded_lines": []}, "CLIArgumentProcessor.__init__": {"executed_lines": [569, 570, 571], "summary": {"covered_lines": 3, "num_statements": 3, "percent_covered": 100.0, "percent_covered_display": "100.00", "missing_lines": 0, "excluded_lines": 0}, "missing_lines": [], "excluded_lines": []}, "CLIArgumentProcessor.create_parser": {"executed_lines": [575, 607, 613, 619, 622, 625, 628, 634, 639, 644, 647, 652, 654], "summary": {"covered_lines": 13, "num_statements": 13, "percent_covered": 100.0, "percent_covered_display": "100.00", "missing_lines": 0, "excluded_lines": 0}, "missing_lines": [], "excluded_lines": []}, "CLIArgumentProcessor.parse_initial_args": {"executed_lines": [], "summary": {"covered_lines": 0, "num_statements": 8, "percent_covered": 0.0, "percent_covered_display": "0.00", "missing_lines": 8, "excluded_lines": 0}, "missing_lines": [658, 659, 661, 662, 664, 666, 667, 669], "excluded_lines": []}, "CLIArgumentProcessor._reorder_arguments": {"executed_lines": [], "summary": {"covered_lines": 0, "num_statements": 40, "percent_covered": 0.0, "percent_covered_display": "0.00", "missing_lines": 40, "excluded_lines": 0}, "missing_lines": [673, 674, 677, 678, 681, 682, 683, 686, 687, 688, 689, 690, 691, 692, 693, 694, 695, 696, 697, 698, 699, 700, 701, 702, 705, 706, 707, 708, 709, 711, 712, 715, 716, 717, 718, 719, 722, 723, 725, 726], "excluded_lines": []}, "main": {"executed_lines": [730, 762, 768, 774, 777, 778, 779, 785, 790, 796, 799, 801, 804, 806, 809, 813, 817, 818, 822, 823, 824, 827, 828, 829, 830, 831, 833, 835, 836, 837, 838, 839, 842, 847, 848, 849, 851, 852, 855, 856, 860, 863, 864, 865, 866, 869, 872, 875, 877, 881, 883, 887, 888, 889, 890, 892, 893, 894, 895, 896, 899, 900, 901, 902, 903, 904, 909, 912, 913, 914, 915, 917, 919, 922, 924, 926, 928, 931, 932, 933, 934, 935, 938, 967, 971, 974, 980, 981, 983, 986, 987, 992, 994, 995, 997, 999, 1004, 1005, 1008, 1011, 1022, 1023, 1024, 1029, 1030, 1032, 1033, 1036, 1040, 1044, 1048, 1058, 1062, 1063, 1064, 1066, 1069, 1071, 1072, 1073, 1076, 1077, 1079, 1080, 1083, 1086, 1089, 1100, 1101, 1103, 1105, 1106, 1107, 1109, 1115, 1116, 1118, 1119], "summary": {"covered_lines": 138, "num_statements": 168, "percent_covered": 82.14285714285714, "percent_covered_display": "82.14", "missing_lines": 30, "excluded_lines": 0}, "missing_lines": [832, 834, 840, 841, 843, 905, 906, 907, 940, 942, 943, 944, 950, 954, 956, 957, 958, 961, 962, 963, 1025, 1026, 1027, 1110, 1111, 1112, 1113, 1121, 1122, 1123], "excluded_lines": []}, "": {"executed_lines": [1, 5, 6, 7, 8, 9, 11, 12, 14, 15, 23, 24, 31, 37, 40, 43, 73, 111, 167, 188, 222, 223, 226, 249, 267, 292, 303, 323, 343, 367, 390, 399, 481, 512, 564, 565, 567, 573, 656, 671, 729, 1126], "summary": {"covered_lines": 39, "num_statements": 39, "percent_covered": 100.0, "percent_covered_display": "100.00", "missing_lines": 0, "excluded_lines": 2}, "missing_lines": [], "excluded_lines": [1126, 1127]}}, "classes": {"CLIArgumentProcessor": {"executed_lines": [569, 570, 571, 575, 607, 613, 619, 622, 625, 628, 634, 639, 644, 647, 652, 654], "summary": {"covered_lines": 16, "num_statements": 64, "percent_covered": 25.0, "percent_covered_display": "25.00", "missing_lines": 48, "excluded_lines": 0}, "missing_lines": [658, 659, 661, 662, 664, 666, 667, 669, 673, 674, 677, 678, 681, 682, 683, 686, 687, 688, 689, 690, 691, 692, 693, 694, 695, 696, 697, 698, 699, 700, 701, 702, 705, 706, 707, 708, 709, 711, 712, 715, 716, 717, 718, 719, 722, 723, 725, 726], "excluded_lines": []}, "": {"executed_lines": [1, 5, 6, 7, 8, 9, 11, 12, 14, 15, 23, 24, 31, 37, 40, 43, 51, 52, 54, 57, 58, 60, 61, 62, 64, 65, 68, 70, 73, 75, 79, 81, 84, 86, 87, 90, 91, 92, 93, 94, 95, 96, 97, 98, 101, 103, 105, 108, 111, 113, 116, 118, 119, 123, 124, 126, 127, 130, 131, 132, 134, 138, 140, 142, 143, 144, 145, 147, 150, 151, 152, 155, 156, 157, 159, 161, 162, 164, 167, 169, 172, 175, 176, 177, 178, 181, 182, 185, 188, 201, 202, 204, 205, 208, 210, 211, 212, 214, 216, 217, 218, 222, 223, 226, 228, 229, 230, 231, 232, 233, 234, 235, 236, 238, 239, 240, 241, 242, 244, 245, 246, 249, 251, 252, 253, 254, 255, 256, 257, 258, 260, 261, 262, 263, 264, 267, 269, 272, 275, 276, 277, 279, 282, 283, 285, 287, 289, 292, 294, 295, 296, 297, 298, 299, 300, 303, 305, 306, 307, 308, 309, 310, 311, 312, 313, 314, 315, 316, 318, 319, 320, 323, 325, 326, 327, 328, 329, 330, 331, 332, 333, 338, 339, 340, 343, 345, 346, 347, 348, 349, 351, 352, 353, 354, 357, 362, 363, 364, 367, 369, 370, 371, 374, 376, 377, 378, 379, 382, 384, 387, 390, 392, 395, 396, 399, 412, 413, 416, 417, 418, 419, 420, 422, 423, 424, 426, 428, 431, 432, 433, 434, 437, 438, 440, 441, 444, 446, 450, 451, 452, 453, 456, 457, 458, 459, 461, 462, 465, 468, 469, 471, 472, 475, 481, 483, 484, 486, 487, 490, 491, 495, 496, 498, 501, 502, 505, 506, 507, 509, 512, 514, 515, 517, 519, 522, 525, 526, 527, 530, 531, 534, 535, 538, 539, 542, 545, 546, 547, 548, 549, 552, 555, 556, 558, 559, 561, 564, 565, 567, 573, 656, 671, 729, 730, 762, 768, 774, 777, 778, 779, 785, 790, 796, 799, 801, 804, 806, 809, 813, 817, 818, 822, 823, 824, 827, 828, 829, 830, 831, 833, 835, 836, 837, 838, 839, 842, 847, 848, 849, 851, 852, 855, 856, 860, 863, 864, 865, 866, 869, 872, 875, 877, 881, 883, 887, 888, 889, 890, 892, 893, 894, 895, 896, 899, 900, 901, 902, 903, 904, 909, 912, 913, 914, 915, 917, 919, 922, 924, 926, 928, 931, 932, 933, 934, 935, 938, 967, 971, 974, 980, 981, 983, 986, 987, 992, 994, 995, 997, 999, 1004, 1005, 1008, 1011, 1022, 1023, 1024, 1029, 1030, 1032, 1033, 1036, 1040, 1044, 1048, 1058, 1062, 1063, 1064, 1066, 1069, 1071, 1072, 1073, 1076, 1077, 1079, 1080, 1083, 1086, 1089, 1100, 1101, 1103, 1105, 1106, 1107, 1109, 1115, 1116, 1118, 1119, 1126], "summary": {"covered_lines": 439, "num_statements": 491, "percent_covered": 89.40936863543789, "percent_covered_display": "89.41", "missing_lines": 52, "excluded_lines": 2}, "missing_lines": [76, 120, 128, 135, 146, 170, 259, 334, 335, 336, 355, 356, 358, 359, 360, 361, 393, 435, 447, 473, 477, 478, 832, 834, 840, 841, 843, 905, 906, 907, 940, 942, 943, 944, 950, 954, 956, 957, 958, 961, 962, 963, 1025, 1026, 1027, 1110, 1111, 1112, 1113, 1121, 1122, 1123], "excluded_lines": [1126, 1127]}}}, "src/awsquery/config.py": {"executed_lines": [1, 3, 4, 6, 8, 11, 12, 15, 17, 18, 19, 20, 23, 39, 41, 43, 44, 46, 47, 48, 50, 52, 55, 57, 58, 59, 61, 62, 63, 66, 68, 69], "summary": {"covered_lines": 31, "num_statements": 40, "percent_covered": 77.5, "percent_covered_display": "77.50", "missing_lines": 9, "excluded_lines": 0}, "missing_lines": [24, 25, 28, 29, 30, 31, 32, 33, 36], "excluded_lines": [], "functions": {"load_default_filters": {"executed_lines": [15, 17, 18, 19, 20, 23], "summary": {"covered_lines": 6, "num_statements": 15, "percent_covered": 40.0, "percent_covered_display": "40.00", "missing_lines": 9, "excluded_lines": 0}, "missing_lines": [24, 25, 28, 29, 30, 31, 32, 33, 36], "excluded_lines": []}, "get_default_columns": {"executed_lines": [41, 43, 44, 46, 47, 48, 50, 52], "summary": {"covered_lines": 8, "num_statements": 8, "percent_covered": 100.0, "percent_covered_display": "100.00", "missing_lines": 0, "excluded_lines": 0}, "missing_lines": [], "excluded_lines": []}, "apply_default_filters": {"executed_lines": [57, 58, 59, 61, 62, 63, 66, 68, 69], "summary": {"covered_lines": 9, "num_statements": 9, "percent_covered": 100.0, "percent_covered_display": "100.00", "missing_lines": 0, "excluded_lines": 0}, "missing_lines": [], "excluded_lines": []}, "": {"executed_lines": [1, 3, 4, 6, 8, 11, 12, 39, 55], "summary": {"covered_lines": 8, "num_statements": 8, "percent_covered": 100.0, "percent_covered_display": "100.00", "missing_lines": 0, "excluded_lines": 0}, "missing_lines": [], "excluded_lines": []}}, "classes": {"": {"executed_lines": [1, 3, 4, 6, 8, 11, 12, 15, 17, 18, 19, 20, 23, 39, 41, 43, 44, 46, 47, 48, 50, 52, 55, 57, 58, 59, 61, 62, 63, 66, 68, 69], "summary": {"covered_lines": 31, "num_statements": 40, "percent_covered": 77.5, "percent_covered_display": "77.50", "missing_lines": 9, "excluded_lines": 0}, "missing_lines": [24, 25, 28, 29, 30, 31, 32, 33, 36], "excluded_lines": []}}}, "src/awsquery/core.py": {"executed_lines": [1, 3, 4, 5, 7, 8, 10, 11, 14, 15, 17, 19, 20, 21, 22, 25, 49, 50, 51, 53, 54, 56, 57, 58, 60, 62, 63, 64, 65, 67, 72, 79, 80, 81, 89, 103, 104, 106, 114, 115, 116, 117, 118, 119, 120, 123, 126, 128, 130, 131, 134, 135, 136, 139, 140, 141, 142, 143, 144, 145, 146, 148, 151, 153, 155, 156, 157, 159, 160, 161, 162, 167, 170, 171, 172, 173, 174, 175, 176, 178, 179, 182, 183, 189, 192, 194, 197, 199, 200, 201, 202, 203, 204, 205, 206, 208, 209, 211, 212, 213, 214, 216, 217, 219, 220, 223, 235, 236, 241, 244, 245, 246, 248, 249, 250, 253, 254, 255, 260, 261, 262, 263, 264, 268, 270, 271, 273, 274, 275, 279, 281, 283, 284, 285, 286, 289, 290, 291, 292, 294, 297, 309, 311, 312, 314, 315, 316, 317, 319, 321, 322, 323, 324, 325, 326, 328, 329, 330, 332, 333, 335, 336, 337, 338, 342, 343, 344, 345, 347, 348, 349, 351, 353, 355, 356, 360, 361, 362, 366, 368, 370, 371, 372, 377, 378, 380, 384, 385, 386, 387, 388, 389, 391, 392, 394, 396, 399, 400, 401, 402, 403, 405, 406, 407, 413, 414, 415, 417, 419, 421, 422, 423, 424, 427, 428, 431, 432, 437, 440, 441, 443, 444, 448, 453, 454, 457, 458, 459, 460, 461, 462, 466, 467, 468, 469, 470, 476, 481, 482, 484, 485, 487, 488, 489, 493, 495, 497, 500, 511, 524, 535, 548, 550, 552, 553, 555, 556, 557, 559, 560, 562, 563, 564, 570, 571, 573, 574, 575, 581, 582, 584, 585, 586, 592, 594, 597, 602, 604, 605, 606, 607, 608, 609, 610, 612, 614, 615, 616, 617, 619, 621, 632, 637, 641, 642, 644, 645, 646, 647, 648, 650, 651, 652, 653, 654, 655, 657, 659, 668, 669, 670, 672, 677, 679, 680, 681, 682, 684, 685, 687, 688, 689, 691, 693, 694, 697, 699, 700, 703, 705, 706, 709, 711, 713, 714, 715, 717, 720, 725, 726, 727, 729, 731, 735, 736, 737, 739, 740, 741, 743, 744, 745, 748, 750, 751, 757, 761, 763, 764, 766, 767, 768, 769, 772, 775, 777, 778, 780, 781, 782, 785, 786, 788, 789, 790, 792], "summary": {"covered_lines": 374, "num_statements": 391, "percent_covered": 95.65217391304348, "percent_covered_display": "95.65", "missing_lines": 17, "excluded_lines": 0}, "missing_lines": [121, 298, 299, 301, 303, 304, 373, 374, 375, 397, 449, 450, 451, 472, 473, 752, 755], "excluded_lines": [], "functions": {"CallResult.__init__": {"executed_lines": [19, 20, 21, 22], "summary": {"covered_lines": 4, "num_statements": 4, "percent_covered": 100.0, "percent_covered_display": "100.00", "missing_lines": 0, "excluded_lines": 0}, "missing_lines": [], "excluded_lines": []}, "check_parameter_requirements": {"executed_lines": [49, 50, 51, 53, 54, 56, 57, 58, 60, 62, 63, 64, 65, 67, 72, 79, 80, 81], "summary": {"covered_lines": 18, "num_statements": 18, "percent_covered": 100.0, "percent_covered_display": "100.00", "missing_lines": 0, "excluded_lines": 0}, "missing_lines": [], "excluded_lines": []}, "_extract_conditional_requirement": {"executed_lines": [103, 104, 106, 114, 115, 116, 117, 118, 119, 120, 123], "summary": {"covered_lines": 11, "num_statements": 12, "percent_covered": 91.66666666666667, "percent_covered_display": "91.67", "missing_lines": 1, "excluded_lines": 0}, "missing_lines": [121], "excluded_lines": []}, "execute_with_tracking": {"executed_lines": [128, 130, 131, 134, 135, 136, 139, 140, 141, 142, 143, 144, 145, 146, 148], "summary": {"covered_lines": 15, "num_statements": 15, "percent_covered": 100.0, "percent_covered_display": "100.00", "missing_lines": 0, "excluded_lines": 0}, "missing_lines": [], "excluded_lines": []}, "execute_aws_call": {"executed_lines": [153, 155, 156, 157, 159, 160, 161, 162, 167, 170, 171, 172, 173, 174, 175, 176, 178, 179, 182, 183, 189, 192, 194, 197, 199, 200, 201, 202, 203, 204, 205, 206, 208, 209, 211, 212, 213, 214, 216, 217, 219, 220], "summary": {"covered_lines": 42, "num_statements": 42, "percent_covered": 100.0, "percent_covered_display": "100.00", "missing_lines": 0, "excluded_lines": 0}, "missing_lines": [], "excluded_lines": []}, "_execute_multi_level_call_internal": {"executed_lines": [235, 236, 241, 244, 245, 246, 248, 249, 250, 253, 254, 255, 260, 261, 262, 263, 264, 268, 270, 271, 273, 274, 275, 279, 281, 283, 284, 285, 286, 289, 290, 291, 292, 294, 297, 309, 311, 312, 314, 315, 316, 317, 319, 321, 322, 323, 324, 325, 326, 328, 329, 330, 332, 333, 335, 336, 337, 338, 342, 343, 344, 345, 347, 348, 349, 351, 353, 355, 356, 360, 361, 362, 366, 368, 370, 371, 372, 377, 378, 380, 384, 385, 386, 387, 388, 389, 391, 392, 394, 396, 399, 400, 401, 402, 403, 405, 406, 407, 413, 414, 415, 417, 419, 421, 422, 423, 424, 427, 428, 431, 432, 437, 440, 441, 443, 444, 448, 453, 454, 457, 458, 459, 460, 461, 462, 466, 467, 468, 469, 470, 476, 481, 482, 484, 485, 487, 488, 489, 493, 495, 497], "summary": {"covered_lines": 141, "num_statements": 155, "percent_covered": 90.96774193548387, "percent_covered_display": "90.97", "missing_lines": 14, "excluded_lines": 0}, "missing_lines": [298, 299, 301, 303, 304, 373, 374, 375, 397, 449, 450, 451, 472, 473], "excluded_lines": []}, "execute_multi_level_call_with_tracking": {"executed_lines": [511], "summary": {"covered_lines": 1, "num_statements": 1, "percent_covered": 100.0, "percent_covered_display": "100.00", "missing_lines": 0, "excluded_lines": 0}, "missing_lines": [], "excluded_lines": []}, "execute_multi_level_call": {"executed_lines": [535], "summary": {"covered_lines": 1, "num_statements": 1, "percent_covered": 100.0, "percent_covered_display": "100.00", "missing_lines": 0, "excluded_lines": 0}, "missing_lines": [], "excluded_lines": []}, "parse_validation_error": {"executed_lines": [550, 552, 553, 555, 556, 557, 559, 560, 562, 563, 564, 570, 571, 573, 574, 575, 581, 582, 584, 585, 586, 592, 594], "summary": {"covered_lines": 23, "num_statements": 23, "percent_covered": 100.0, "percent_covered_display": "100.00", "missing_lines": 0, "excluded_lines": 0}, "missing_lines": [], "excluded_lines": []}, "infer_list_operation": {"executed_lines": [602, 604, 605, 606, 607, 608, 609, 610, 612, 614, 615, 616, 617, 619, 621, 632, 637, 641, 642, 644, 645, 646, 647, 648, 650, 651, 652, 653, 654, 655, 657, 659, 668, 669, 670, 672, 677, 679, 680, 681, 682, 684, 685, 687, 688, 689, 691, 693, 694, 697, 699, 700, 703, 705, 706], "summary": {"covered_lines": 55, "num_statements": 55, "percent_covered": 100.0, "percent_covered_display": "100.00", "missing_lines": 0, "excluded_lines": 0}, "missing_lines": [], "excluded_lines": []}, "parameter_expects_list": {"executed_lines": [711, 713, 714, 715, 717], "summary": {"covered_lines": 5, "num_statements": 5, "percent_covered": 100.0, "percent_covered_display": "100.00", "missing_lines": 0, "excluded_lines": 0}, "missing_lines": [], "excluded_lines": []}, "get_correct_parameter_name": {"executed_lines": [725, 726, 727, 729, 731, 735, 736, 737, 739, 740, 741, 743, 744, 745, 748, 750, 751, 757, 761, 763, 764, 766, 767, 768, 769, 772], "summary": {"covered_lines": 26, "num_statements": 28, "percent_covered": 92.85714285714286, "percent_covered_display": "92.86", "missing_lines": 2, "excluded_lines": 0}, "missing_lines": [752, 755], "excluded_lines": []}, "show_keys_from_result": {"executed_lines": [777, 778, 780, 781, 782, 785, 786, 788, 789, 790, 792], "summary": {"covered_lines": 11, "num_statements": 11, "percent_covered": 100.0, "percent_covered_display": "100.00", "missing_lines": 0, "excluded_lines": 0}, "missing_lines": [], "excluded_lines": []}, "": {"executed_lines": [1, 3, 4, 5, 7, 8, 10, 11, 14, 15, 17, 25, 89, 126, 151, 223, 500, 524, 548, 597, 709, 720, 775], "summary": {"covered_lines": 21, "num_statements": 21, "percent_covered": 100.0, "percent_covered_display": "100.00", "missing_lines": 0, "excluded_lines": 0}, "missing_lines": [], "excluded_lines": []}}, "classes": {"CallResult": {"executed_lines": [19, 20, 21, 22], "summary": {"covered_lines": 4, "num_statements": 4, "percent_covered": 100.0, "percent_covered_display": "100.00", "missing_lines": 0, "excluded_lines": 0}, "missing_lines": [], "excluded_lines": []}, "": {"executed_lines": [1, 3, 4, 5, 7, 8, 10, 11, 14, 15, 17, 25, 49, 50, 51, 53, 54, 56, 57, 58, 60, 62, 63, 64, 65, 67, 72, 79, 80, 81, 89, 103, 104, 106, 114, 115, 116, 117, 118, 119, 120, 123, 126, 128, 130, 131, 134, 135, 136, 139, 140, 141, 142, 143, 144, 145, 146, 148, 151, 153, 155, 156, 157, 159, 160, 161, 162, 167, 170, 171, 172, 173, 174, 175, 176, 178, 179, 182, 183, 189, 192, 194, 197, 199, 200, 201, 202, 203, 204, 205, 206, 208, 209, 211, 212, 213, 214, 216, 217, 219, 220, 223, 235, 236, 241, 244, 245, 246, 248, 249, 250, 253, 254, 255, 260, 261, 262, 263, 264, 268, 270, 271, 273, 274, 275, 279, 281, 283, 284, 285, 286, 289, 290, 291, 292, 294, 297, 309, 311, 312, 314, 315, 316, 317, 319, 321, 322, 323, 324, 325, 326, 328, 329, 330, 332, 333, 335, 336, 337, 338, 342, 343, 344, 345, 347, 348, 349, 351, 353, 355, 356, 360, 361, 362, 366, 368, 370, 371, 372, 377, 378, 380, 384, 385, 386, 387, 388, 389, 391, 392, 394, 396, 399, 400, 401, 402, 403, 405, 406, 407, 413, 414, 415, 417, 419, 421, 422, 423, 424, 427, 428, 431, 432, 437, 440, 441, 443, 444, 448, 453, 454, 457, 458, 459, 460, 461, 462, 466, 467, 468, 469, 470, 476, 481, 482, 484, 485, 487, 488, 489, 493, 495, 497, 500, 511, 524, 535, 548, 550, 552, 553, 555, 556, 557, 559, 560, 562, 563, 564, 570, 571, 573, 574, 575, 581, 582, 584, 585, 586, 592, 594, 597, 602, 604, 605, 606, 607, 608, 609, 610, 612, 614, 615, 616, 617, 619, 621, 632, 637, 641, 642, 644, 645, 646, 647, 648, 650, 651, 652, 653, 654, 655, 657, 659, 668, 669, 670, 672, 677, 679, 680, 681, 682, 684, 685, 687, 688, 689, 691, 693, 694, 697, 699, 700, 703, 705, 706, 709, 711, 713, 714, 715, 717, 720, 725, 726, 727, 729, 731, 735, 736, 737, 739, 740, 741, 743, 744, 745, 748, 750, 751, 757, 761, 763, 764, 766, 767, 768, 769, 772, 775, 777, 778, 780, 781, 782, 785, 786, 788, 789, 790, 792], "summary": {"covered_lines": 370, "num_statements": 387, "percent_covered": 95.60723514211887, "percent_covered_display": "95.61", "missing_lines": 17, "excluded_lines": 0}, "missing_lines": [121, 298, 299, 301, 303, 304, 373, 374, 375, 397, 449, 450, 451, 472, 473, 752, 755], "excluded_lines": []}}}, "src/awsquery/filters.py": {"executed_lines": [1, 3, 5, 6, 8, 9, 12, 19, 20, 25, 27, 30, 31, 32, 33, 34, 37, 38, 39, 40, 41, 42, 44, 46, 49, 60, 61, 63, 64, 65, 66, 67, 68, 70, 73, 75, 76, 79, 80, 81, 82, 83, 86, 87, 88, 89, 91, 92, 93, 95, 97, 98, 100, 101, 102, 104, 105, 106, 107, 110, 111, 112, 113, 114, 117, 121, 123, 124, 125, 127, 128, 130, 133, 136, 146, 147, 148, 149, 151, 152, 154, 155, 156, 158, 160, 163, 164, 165, 166, 167, 168, 170, 171, 173, 174, 175, 176, 178, 179, 180, 181, 182, 183, 184, 185, 186, 188, 190, 191, 193, 194, 195, 196, 197, 198, 200, 201, 203, 204, 206, 207, 208, 209, 211, 212, 213, 216, 217, 218, 223, 229, 232, 234, 235, 237, 239, 240, 243, 246, 247, 248, 249, 252, 253, 257, 258, 261, 262, 263, 264, 265, 268, 269, 270, 271, 274, 275, 276, 277, 278, 279, 281, 282, 285, 286, 288, 290, 291, 293, 294, 295, 296, 297, 298, 299, 301, 302, 303, 305, 306, 307, 308, 309, 310, 311, 313, 314, 315, 317, 318, 319, 320, 321, 322, 323, 324, 326, 330, 331, 333, 334, 335, 336, 337, 338, 339, 340, 341, 342, 345, 385, 386, 387, 391, 392, 396, 397, 398, 399, 400, 404, 405, 406, 408, 409, 410, 414, 415, 416, 418, 419, 421, 426], "summary": {"covered_lines": 232, "num_statements": 234, "percent_covered": 99.14529914529915, "percent_covered_display": "99.15", "missing_lines": 2, "excluded_lines": 0}, "missing_lines": [221, 327], "excluded_lines": [], "functions": {"parse_filter_pattern": {"executed_lines": [19, 20, 25, 27, 30, 31, 32, 33, 34, 37, 38, 39, 40, 41, 42, 44, 46], "summary": {"covered_lines": 17, "num_statements": 17, "percent_covered": 100.0, "percent_covered_display": "100.00", "missing_lines": 0, "excluded_lines": 0}, "missing_lines": [], "excluded_lines": []}, "matches_pattern": {"executed_lines": [60, 61, 63, 64, 65, 66, 67, 68, 70], "summary": {"covered_lines": 9, "num_statements": 9, "percent_covered": 100.0, "percent_covered_display": "100.00", "missing_lines": 0, "excluded_lines": 0}, "missing_lines": [], "excluded_lines": []}, "filter_resources": {"executed_lines": [75, 76, 79, 80, 81, 82, 83, 86, 87, 88, 89, 91, 92, 93, 95, 97, 98, 100, 101, 102, 104, 105, 106, 107, 110, 111, 112, 113, 114, 117, 121, 123, 124, 125, 127, 128, 130, 133], "summary": {"covered_lines": 38, "num_statements": 38, "percent_covered": 100.0, "percent_covered_display": "100.00", "missing_lines": 0, "excluded_lines": 0}, "missing_lines": [], "excluded_lines": []}, "parse_multi_level_filters_for_mode": {"executed_lines": [146, 147, 148, 149, 151, 152, 154, 155, 156, 158, 160, 163, 164, 165, 166, 167, 168, 170, 171, 173, 174, 175, 176, 178, 179, 180, 181, 182, 183, 184, 185, 186, 188, 190, 191, 193, 194, 195, 196, 197, 198, 200, 201, 203, 204, 206, 207, 208, 209, 211, 212, 213, 216, 217, 218, 223, 229], "summary": {"covered_lines": 57, "num_statements": 58, "percent_covered": 98.27586206896552, "percent_covered_display": "98.28", "missing_lines": 1, "excluded_lines": 0}, "missing_lines": [221], "excluded_lines": []}, "extract_parameter_values": {"executed_lines": [234, 235, 237, 239, 240, 243, 246, 247, 248, 249, 252, 253, 257, 258, 261, 262, 263, 264, 265, 268, 269, 270, 271, 274, 275, 276, 277, 278, 279, 281, 282, 285, 286, 288, 290, 291, 293, 294, 295, 296, 297, 298, 299, 301, 302, 303, 305, 306, 307, 308, 309, 310, 311, 313, 314, 315, 317, 318, 319, 320, 321, 322, 323, 324, 326, 330, 331, 333, 334, 335, 336, 337, 338, 339, 340, 341, 342, 345, 385, 386, 387, 391, 392, 396, 397, 398, 399, 400, 404, 405, 406, 408, 409, 410, 414, 415, 416, 418, 419, 421, 426], "summary": {"covered_lines": 101, "num_statements": 102, "percent_covered": 99.01960784313725, "percent_covered_display": "99.02", "missing_lines": 1, "excluded_lines": 0}, "missing_lines": [327], "excluded_lines": []}, "": {"executed_lines": [1, 3, 5, 6, 8, 9, 12, 49, 73, 136, 232], "summary": {"covered_lines": 10, "num_statements": 10, "percent_covered": 100.0, "percent_covered_display": "100.00", "missing_lines": 0, "excluded_lines": 0}, "missing_lines": [], "excluded_lines": []}}, "classes": {"": {"executed_lines": [1, 3, 5, 6, 8, 9, 12, 19, 20, 25, 27, 30, 31, 32, 33, 34, 37, 38, 39, 40, 41, 42, 44, 46, 49, 60, 61, 63, 64, 65, 66, 67, 68, 70, 73, 75, 76, 79, 80, 81, 82, 83, 86, 87, 88, 89, 91, 92, 93, 95, 97, 98, 100, 101, 102, 104, 105, 106, 107, 110, 111, 112, 113, 114, 117, 121, 123, 124, 125, 127, 128, 130, 133, 136, 146, 147, 148, 149, 151, 152, 154, 155, 156, 158, 160, 163, 164, 165, 166, 167, 168, 170, 171, 173, 174, 175, 176, 178, 179, 180, 181, 182, 183, 184, 185, 186, 188, 190, 191, 193, 194, 195, 196, 197, 198, 200, 201, 203, 204, 206, 207, 208, 209, 211, 212, 213, 216, 217, 218, 223, 229, 232, 234, 235, 237, 239, 240, 243, 246, 247, 248, 249, 252, 253, 257, 258, 261, 262, 263, 264, 265, 268, 269, 270, 271, 274, 275, 276, 277, 278, 279, 281, 282, 285, 286, 288, 290, 291, 293, 294, 295, 296, 297, 298, 299, 301, 302, 303, 305, 306, 307, 308, 309, 310, 311, 313, 314, 315, 317, 318, 319, 320, 321, 322, 323, 324, 326, 330, 331, 333, 334, 335, 336, 337, 338, 339, 340, 341, 342, 345, 385, 386, 387, 391, 392, 396, 397, 398, 399, 400, 404, 405, 406, 408, 409, 410, 414, 415, 416, 418, 419, 421, 426], "summary": {"covered_lines": 232, "num_statements": 234, "percent_covered": 99.14529914529915, "percent_covered_display": "99.15", "missing_lines": 2, "excluded_lines": 0}, "missing_lines": [221, 327], "excluded_lines": []}}}, "src/awsquery/formatters.py": {"executed_lines": [1, 3, 5, 6, 7, 9, 11, 14, 25, 27, 28, 31, 32, 33, 34, 35, 38, 39, 42, 43, 45, 46, 48, 49, 50, 51, 52, 56, 59, 61, 62, 63, 65, 66, 67, 70, 72, 73, 74, 76, 77, 78, 79, 82, 84, 93, 101, 102, 104, 105, 106, 107, 109, 110, 112, 113, 118, 119, 120, 121, 123, 126, 129, 131, 132, 133, 134, 135, 136, 137, 138, 141, 143, 144, 145, 146, 149, 151, 152, 153, 155, 156, 157, 159, 160, 161, 163, 164, 166, 167, 169, 170, 174, 176, 177, 178, 180, 181, 182, 183, 184, 186, 188, 191, 192, 193, 194, 196, 197, 198, 199, 200, 205, 208, 209, 210, 211, 212, 213, 217, 219, 222, 225, 227, 228, 229, 231, 232, 233, 234, 235, 236, 237, 238, 239, 241, 243, 244, 247, 249, 250, 253, 254, 255, 256, 258, 259, 261, 262, 263, 265, 266, 267, 269, 272, 273, 274, 276, 277, 279, 283, 285, 286, 288, 289, 291, 292, 293, 294, 295, 296, 298, 300, 301, 302, 303, 304, 305, 306, 307, 308, 309, 310, 312, 313, 315, 316, 318, 319, 321, 324, 326, 329, 332, 335, 336, 337, 338, 339, 340, 343, 344, 345, 346, 348, 349, 350, 351, 352, 353, 354, 358, 361, 363, 364, 367, 368, 369, 370, 372, 373, 375, 376, 377, 378, 379, 380, 382, 385, 387, 388, 391, 392, 393, 394, 396, 397, 398, 399, 401, 403, 404, 405, 406, 407, 410, 412, 415, 417, 419, 420, 421, 422, 424, 425], "summary": {"covered_lines": 254, "num_statements": 254, "percent_covered": 100.0, "percent_covered_display": "100.00", "missing_lines": 0, "excluded_lines": 0}, "missing_lines": [], "excluded_lines": [], "functions": {"filter_columns": {"executed_lines": [25, 27, 28, 31, 32, 33, 34, 35, 38, 39, 42, 43, 45, 46, 48, 49, 50, 51, 52, 56], "summary": {"covered_lines": 20, "num_statements": 20, "percent_covered": 100.0, "percent_covered_display": "100.00", "missing_lines": 0, "excluded_lines": 0}, "missing_lines": [], "excluded_lines": []}, "detect_aws_tags": {"executed_lines": [61, 62, 63, 65, 66, 67], "summary": {"covered_lines": 6, "num_statements": 6, "percent_covered": 100.0, "percent_covered_display": "100.00", "missing_lines": 0, "excluded_lines": 0}, "missing_lines": [], "excluded_lines": []}, "_transform_aws_tags_list": {"executed_lines": [72, 73, 74, 76, 77, 78, 79], "summary": {"covered_lines": 7, "num_statements": 7, "percent_covered": 100.0, "percent_covered_display": "100.00", "missing_lines": 0, "excluded_lines": 0}, "missing_lines": [], "excluded_lines": []}, "_is_aws_tags_structure": {"executed_lines": [84], "summary": {"covered_lines": 1, "num_statements": 1, "percent_covered": 100.0, "percent_covered_display": "100.00", "missing_lines": 0, "excluded_lines": 0}, "missing_lines": [], "excluded_lines": []}, "transform_tags_structure": {"executed_lines": [101, 102, 104, 105, 106, 107, 109, 110, 112, 113, 118, 119, 120, 121, 123], "summary": {"covered_lines": 15, "num_statements": 15, "percent_covered": 100.0, "percent_covered_display": "100.00", "missing_lines": 0, "excluded_lines": 0}, "missing_lines": [], "excluded_lines": []}, "flatten_response": {"executed_lines": [129, 131, 132, 133, 134, 135, 136, 137, 138, 141, 143, 144, 145, 146], "summary": {"covered_lines": 14, "num_statements": 14, "percent_covered": 100.0, "percent_covered_display": "100.00", "missing_lines": 0, "excluded_lines": 0}, "missing_lines": [], "excluded_lines": []}, "flatten_single_response": {"executed_lines": [151, 152, 153, 155, 156, 157, 159, 160, 161, 163, 164, 166, 167, 169, 170, 174, 176, 177, 178, 180, 181, 182, 183, 184, 186, 188, 191, 192, 193, 194, 196, 197, 198, 199, 200, 205, 208, 209, 210, 211, 212, 213, 217, 219, 222], "summary": {"covered_lines": 45, "num_statements": 45, "percent_covered": 100.0, "percent_covered_display": "100.00", "missing_lines": 0, "excluded_lines": 0}, "missing_lines": [], "excluded_lines": []}, "flatten_dict_keys": {"executed_lines": [227, 228, 229, 231, 232, 233, 234, 235, 236, 237, 238, 239, 241, 243, 244], "summary": {"covered_lines": 15, "num_statements": 15, "percent_covered": 100.0, "percent_covered_display": "100.00", "missing_lines": 0, "excluded_lines": 0}, "missing_lines": [], "excluded_lines": []}, "format_table_output": {"executed_lines": [249, 250, 253, 254, 255, 256, 258, 259, 261, 262, 263, 265, 266, 267, 269, 272, 273, 274, 276, 277, 279, 283, 285, 286, 288, 289, 291, 292, 293, 294, 295, 296, 298, 300, 301, 302, 303, 304, 305, 306, 307, 308, 309, 310, 312, 313, 315, 316, 318, 319, 321], "summary": {"covered_lines": 51, "num_statements": 51, "percent_covered": 100.0, "percent_covered_display": "100.00", "missing_lines": 0, "excluded_lines": 0}, "missing_lines": [], "excluded_lines": []}, "_process_json_resource_with_filters": {"executed_lines": [326, 329, 332, 335, 336, 337, 338, 339, 340, 343, 344, 345, 346, 348, 349, 350, 351, 352, 353, 354, 358], "summary": {"covered_lines": 21, "num_statements": 21, "percent_covered": 100.0, "percent_covered_display": "100.00", "missing_lines": 0, "excluded_lines": 0}, "missing_lines": [], "excluded_lines": []}, "format_json_output": {"executed_lines": [363, 364, 367, 368, 369, 370, 372, 373, 375, 376, 377, 378, 379, 380, 382], "summary": {"covered_lines": 15, "num_statements": 15, "percent_covered": 100.0, "percent_covered_display": "100.00", "missing_lines": 0, "excluded_lines": 0}, "missing_lines": [], "excluded_lines": []}, "extract_and_sort_keys": {"executed_lines": [387, 388, 391, 392, 393, 394, 396, 397, 398, 399, 401, 403, 404, 405, 406, 407, 410, 412], "summary": {"covered_lines": 18, "num_statements": 18, "percent_covered": 100.0, "percent_covered_display": "100.00", "missing_lines": 0, "excluded_lines": 0}, "missing_lines": [], "excluded_lines": []}, "show_keys": {"executed_lines": [417, 419, 420, 421, 422, 424, 425], "summary": {"covered_lines": 7, "num_statements": 7, "percent_covered": 100.0, "percent_covered_display": "100.00", "missing_lines": 0, "excluded_lines": 0}, "missing_lines": [], "excluded_lines": []}, "": {"executed_lines": [1, 3, 5, 6, 7, 9, 11, 14, 59, 70, 82, 93, 126, 149, 225, 247, 324, 361, 385, 415], "summary": {"covered_lines": 19, "num_statements": 19, "percent_covered": 100.0, "percent_covered_display": "100.00", "missing_lines": 0, "excluded_lines": 0}, "missing_lines": [], "excluded_lines": []}}, "classes": {"": {"executed_lines": [1, 3, 5, 6, 7, 9, 11, 14, 25, 27, 28, 31, 32, 33, 34, 35, 38, 39, 42, 43, 45, 46, 48, 49, 50, 51, 52, 56, 59, 61, 62, 63, 65, 66, 67, 70, 72, 73, 74, 76, 77, 78, 79, 82, 84, 93, 101, 102, 104, 105, 106, 107, 109, 110, 112, 113, 118, 119, 120, 121, 123, 126, 129, 131, 132, 133, 134, 135, 136, 137, 138, 141, 143, 144, 145, 146, 149, 151, 152, 153, 155, 156, 157, 159, 160, 161, 163, 164, 166, 167, 169, 170, 174, 176, 177, 178, 180, 181, 182, 183, 184, 186, 188, 191, 192, 193, 194, 196, 197, 198, 199, 200, 205, 208, 209, 210, 211, 212, 213, 217, 219, 222, 225, 227, 228, 229, 231, 232, 233, 234, 235, 236, 237, 238, 239, 241, 243, 244, 247, 249, 250, 253, 254, 255, 256, 258, 259, 261, 262, 263, 265, 266, 267, 269, 272, 273, 274, 276, 277, 279, 283, 285, 286, 288, 289, 291, 292, 293, 294, 295, 296, 298, 300, 301, 302, 303, 304, 305, 306, 307, 308, 309, 310, 312, 313, 315, 316, 318, 319, 321, 324, 326, 329, 332, 335, 336, 337, 338, 339, 340, 343, 344, 345, 346, 348, 349, 350, 351, 352, 353, 354, 358, 361, 363, 364, 367, 368, 369, 370, 372, 373, 375, 376, 377, 378, 379, 380, 382, 385, 387, 388, 391, 392, 393, 394, 396, 397, 398, 399, 401, 403, 404, 405, 406, 407, 410, 412, 415, 417, 419, 420, 421, 422, 424, 425], "summary": {"covered_lines": 254, "num_statements": 254, "percent_covered": 100.0, "percent_covered_display": "100.00", "missing_lines": 0, "excluded_lines": 0}, "missing_lines": [], "excluded_lines": []}}}, "src/awsquery/security.py": {"executed_lines": [1, 3, 4, 6, 10, 36, 39, 40, 41, 44, 45, 46, 47, 49, 50, 53, 55, 56, 58, 59, 60, 61, 62, 63, 65, 68, 80, 81, 82, 85, 86, 89, 92, 94, 95, 96, 97, 98, 99, 100, 103, 105, 106, 107, 108, 109], "summary": {"covered_lines": 45, "num_statements": 45, "percent_covered": 100.0, "percent_covered_display": "100.00", "missing_lines": 0, "excluded_lines": 0}, "missing_lines": [], "excluded_lines": [], "functions": {"is_readonly_operation": {"executed_lines": [39, 40, 41, 44, 45, 46, 47, 49, 50], "summary": {"covered_lines": 9, "num_statements": 9, "percent_covered": 100.0, "percent_covered_display": "100.00", "missing_lines": 0, "excluded_lines": 0}, "missing_lines": [], "excluded_lines": []}, "prompt_unsafe_operation": {"executed_lines": [55, 56, 58, 59, 60, 61, 62, 63, 65], "summary": {"covered_lines": 9, "num_statements": 9, "percent_covered": 100.0, "percent_covered_display": "100.00", "missing_lines": 0, "excluded_lines": 0}, "missing_lines": [], "excluded_lines": []}, "validate_readonly": {"executed_lines": [80, 81, 82, 85, 86, 89], "summary": {"covered_lines": 6, "num_statements": 6, "percent_covered": 100.0, "percent_covered_display": "100.00", "missing_lines": 0, "excluded_lines": 0}, "missing_lines": [], "excluded_lines": []}, "action_to_policy_format": {"executed_lines": [94, 95, 96, 97, 98, 99, 100], "summary": {"covered_lines": 7, "num_statements": 7, "percent_covered": 100.0, "percent_covered_display": "100.00", "missing_lines": 0, "excluded_lines": 0}, "missing_lines": [], "excluded_lines": []}, "get_service_valid_operations": {"executed_lines": [105, 106, 107, 108, 109], "summary": {"covered_lines": 5, "num_statements": 5, "percent_covered": 100.0, "percent_covered_display": "100.00", "missing_lines": 0, "excluded_lines": 0}, "missing_lines": [], "excluded_lines": []}, "": {"executed_lines": [1, 3, 4, 6, 10, 36, 53, 68, 92, 103], "summary": {"covered_lines": 9, "num_statements": 9, "percent_covered": 100.0, "percent_covered_display": "100.00", "missing_lines": 0, "excluded_lines": 0}, "missing_lines": [], "excluded_lines": []}}, "classes": {"": {"executed_lines": [1, 3, 4, 6, 10, 36, 39, 40, 41, 44, 45, 46, 47, 49, 50, 53, 55, 56, 58, 59, 60, 61, 62, 63, 65, 68, 80, 81, 82, 85, 86, 89, 92, 94, 95, 96, 97, 98, 99, 100, 103, 105, 106, 107, 108, 109], "summary": {"covered_lines": 45, "num_statements": 45, "percent_covered": 100.0, "percent_covered_display": "100.00", "missing_lines": 0, "excluded_lines": 0}, "missing_lines": [], "excluded_lines": []}}}, "src/awsquery/utils.py": {"executed_lines": [1, 3, 5, 8, 9, 12, 13, 16, 17, 20, 21, 24, 25, 28, 30, 31, 33, 40, 52, 53, 55, 57, 59, 61, 62, 64, 65, 67, 68, 69, 70, 74, 76, 78, 80, 84, 87, 89, 92, 94, 95, 97, 100, 102, 106, 107, 109, 112, 115, 119, 122, 124, 125, 127, 128, 129, 130, 133, 135, 137, 139, 141, 143, 146, 155, 156, 158, 160, 161, 162, 164, 167, 169, 170, 171, 172, 173, 174, 177, 179, 180, 181, 182, 187, 188, 189, 190, 193, 195, 198, 199, 200, 201, 202, 203, 204, 205, 206, 209, 211, 212, 213], "summary": {"covered_lines": 93, "num_statements": 101, "percent_covered": 92.07920792079207, "percent_covered_display": "92.08", "missing_lines": 8, "excluded_lines": 2}, "missing_lines": [42, 43, 45, 48, 49, 72, 110, 113], "excluded_lines": [115, 116], "functions": {"convert_parameter_name": {"executed_lines": [30, 31, 33], "summary": {"covered_lines": 3, "num_statements": 3, "percent_covered": 100.0, "percent_covered_display": "100.00", "missing_lines": 0, "excluded_lines": 0}, "missing_lines": [], "excluded_lines": []}, "pascal_to_kebab_case": {"executed_lines": [], "summary": {"covered_lines": 0, "num_statements": 5, "percent_covered": 0.0, "percent_covered_display": "0.00", "missing_lines": 5, "excluded_lines": 0}, "missing_lines": [42, 43, 45, 48, 49], "excluded_lines": []}, "DebugContext.__init__": {"executed_lines": [57], "summary": {"covered_lines": 1, "num_statements": 1, "percent_covered": 100.0, "percent_covered_display": "100.00", "missing_lines": 0, "excluded_lines": 0}, "missing_lines": [], "excluded_lines": []}, "DebugContext.print": {"executed_lines": [61, 62, 64, 65, 67, 68, 69, 70], "summary": {"covered_lines": 8, "num_statements": 9, "percent_covered": 88.88888888888889, "percent_covered_display": "88.89", "missing_lines": 1, "excluded_lines": 0}, "missing_lines": [72], "excluded_lines": []}, "DebugContext.enable": {"executed_lines": [76], "summary": {"covered_lines": 1, "num_statements": 1, "percent_covered": 100.0, "percent_covered_display": "100.00", "missing_lines": 0, "excluded_lines": 0}, "missing_lines": [], "excluded_lines": []}, "DebugContext.disable": {"executed_lines": [80], "summary": {"covered_lines": 1, "num_statements": 1, "percent_covered": 100.0, "percent_covered_display": "100.00", "missing_lines": 0, "excluded_lines": 0}, "missing_lines": [], "excluded_lines": []}, "debug_print": {"executed_lines": [89], "summary": {"covered_lines": 1, "num_statements": 1, "percent_covered": 100.0, "percent_covered_display": "100.00", "missing_lines": 0, "excluded_lines": 0}, "missing_lines": [], "excluded_lines": []}, "set_debug_enabled": {"executed_lines": [94, 95, 97], "summary": {"covered_lines": 3, "num_statements": 3, "percent_covered": 100.0, "percent_covered_display": "100.00", "missing_lines": 0, "excluded_lines": 0}, "missing_lines": [], "excluded_lines": []}, "get_debug_enabled": {"executed_lines": [102], "summary": {"covered_lines": 1, "num_statements": 1, "percent_covered": 100.0, "percent_covered_display": "100.00", "missing_lines": 0, "excluded_lines": 0}, "missing_lines": [], "excluded_lines": []}, "_DebugEnabled.__bool__": {"executed_lines": [], "summary": {"covered_lines": 0, "num_statements": 1, "percent_covered": 0.0, "percent_covered_display": "0.00", "missing_lines": 1, "excluded_lines": 0}, "missing_lines": [110], "excluded_lines": []}, "_DebugEnabled.__eq__": {"executed_lines": [], "summary": {"covered_lines": 0, "num_statements": 1, "percent_covered": 0.0, "percent_covered_display": "0.00", "missing_lines": 1, "excluded_lines": 0}, "missing_lines": [113], "excluded_lines": []}, "_DebugEnabled.__repr__": {"executed_lines": [], "summary": {"covered_lines": 0, "num_statements": 0, "percent_covered": 100.0, "percent_covered_display": "100.00", "missing_lines": 0, "excluded_lines": 1}, "missing_lines": [], "excluded_lines": [116]}, "sanitize_input": {"executed_lines": [124, 125, 127, 128, 129, 130], "summary": {"covered_lines": 6, "num_statements": 6, "percent_covered": 100.0, "percent_covered_display": "100.00", "missing_lines": 0, "excluded_lines": 0}, "missing_lines": [], "excluded_lines": []}, "normalize_action_name": {"executed_lines": [135, 137, 139, 141, 143], "summary": {"covered_lines": 5, "num_statements": 5, "percent_covered": 100.0, "percent_covered_display": "100.00", "missing_lines": 0, "excluded_lines": 0}, "missing_lines": [], "excluded_lines": []}, "simplify_key": {"executed_lines": [155, 156, 158, 160, 161, 162, 164], "summary": {"covered_lines": 7, "num_statements": 7, "percent_covered": 100.0, "percent_covered_display": "100.00", "missing_lines": 0, "excluded_lines": 0}, "missing_lines": [], "excluded_lines": []}, "get_aws_services": {"executed_lines": [169, 170, 171, 172, 173, 174], "summary": {"covered_lines": 6, "num_statements": 6, "percent_covered": 100.0, "percent_covered_display": "100.00", "missing_lines": 0, "excluded_lines": 0}, "missing_lines": [], "excluded_lines": []}, "get_service_actions": {"executed_lines": [179, 180, 181, 182, 187, 188, 189, 190], "summary": {"covered_lines": 8, "num_statements": 8, "percent_covered": 100.0, "percent_covered_display": "100.00", "missing_lines": 0, "excluded_lines": 0}, "missing_lines": [], "excluded_lines": []}, "create_session": {"executed_lines": [195, 198, 199, 200, 201, 202, 203, 204, 205, 206], "summary": {"covered_lines": 10, "num_statements": 10, "percent_covered": 100.0, "percent_covered_display": "100.00", "missing_lines": 0, "excluded_lines": 0}, "missing_lines": [], "excluded_lines": []}, "get_client": {"executed_lines": [211, 212, 213], "summary": {"covered_lines": 3, "num_statements": 3, "percent_covered": 100.0, "percent_covered_display": "100.00", "missing_lines": 0, "excluded_lines": 0}, "missing_lines": [], "excluded_lines": []}, "": {"executed_lines": [1, 3, 5, 8, 9, 12, 13, 16, 17, 20, 21, 24, 25, 28, 40, 52, 53, 55, 59, 74, 78, 84, 87, 92, 100, 106, 107, 109, 112, 115, 119, 122, 133, 146, 167, 177, 193, 209], "summary": {"covered_lines": 29, "num_statements": 29, "percent_covered": 100.0, "percent_covered_display": "100.00", "missing_lines": 0, "excluded_lines": 1}, "missing_lines": [], "excluded_lines": [115]}}, "classes": {"AWSQueryError": {"executed_lines": [], "summary": {"covered_lines": 0, "num_statements": 0, "percent_covered": 100.0, "percent_covered_display": "100.00", "missing_lines": 0, "excluded_lines": 0}, "missing_lines": [], "excluded_lines": []}, "ValidationError": {"executed_lines": [], "summary": {"covered_lines": 0, "num_statements": 0, "percent_covered": 100.0, "percent_covered_display": "100.00", "missing_lines": 0, "excluded_lines": 0}, "missing_lines": [], "excluded_lines": []}, "SecurityError": {"executed_lines": [], "summary": {"covered_lines": 0, "num_statements": 0, "percent_covered": 100.0, "percent_covered_display": "100.00", "missing_lines": 0, "excluded_lines": 0}, "missing_lines": [], "excluded_lines": []}, "CredentialsError": {"executed_lines": [], "summary": {"covered_lines": 0, "num_statements": 0, "percent_covered": 100.0, "percent_covered_display": "100.00", "missing_lines": 0, "excluded_lines": 0}, "missing_lines": [], "excluded_lines": []}, "OperationError": {"executed_lines": [], "summary": {"covered_lines": 0, "num_statements": 0, "percent_covered": 100.0, "percent_covered_display": "100.00", "missing_lines": 0, "excluded_lines": 0}, "missing_lines": [], "excluded_lines": []}, "DebugContext": {"executed_lines": [57, 61, 62, 64, 65, 67, 68, 69, 70, 76, 80], "summary": {"covered_lines": 11, "num_statements": 12, "percent_covered": 91.66666666666667, "percent_covered_display": "91.67", "missing_lines": 1, "excluded_lines": 0}, "missing_lines": [72], "excluded_lines": []}, "_DebugEnabled": {"executed_lines": [], "summary": {"covered_lines": 0, "num_statements": 2, "percent_covered": 0.0, "percent_covered_display": "0.00", "missing_lines": 2, "excluded_lines": 1}, "missing_lines": [110, 113], "excluded_lines": [116]}, "": {"executed_lines": [1, 3, 5, 8, 9, 12, 13, 16, 17, 20, 21, 24, 25, 28, 30, 31, 33, 40, 52, 53, 55, 59, 74, 78, 84, 87, 89, 92, 94, 95, 97, 100, 102, 106, 107, 109, 112, 115, 119, 122, 124, 125, 127, 128, 129, 130, 133, 135, 137, 139, 141, 143, 146, 155, 156, 158, 160, 161, 162, 164, 167, 169, 170, 171, 172, 173, 174, 177, 179, 180, 181, 182, 187, 188, 189, 190, 193, 195, 198, 199, 200, 201, 202, 203, 204, 205, 206, 209, 211, 212, 213], "summary": {"covered_lines": 82, "num_statements": 87, "percent_covered": 94.25287356321839, "percent_covered_display": "94.25", "missing_lines": 5, "excluded_lines": 1}, "missing_lines": [42, 43, 45, 48, 49], "excluded_lines": [115]}}}}, "totals": {"covered_lines": 1488, "num_statements": 1624, "percent_covered": 91.6256157635468, "percent_covered_display": "91.63", "missing_lines": 136, "excluded_lines": 4}}